Failed to set locale, defaulting to C
Loaded plugins: fastestmirror
You need to be root to perform this command.
[vagrant@kernel-update ~]$ sudo yum install --enablerepo elrepo-kernel kernel-ml-devel
Failed to set locale, defaulting to C
Loaded plugins: fastestmirror
Determining fastest mirrors
 * base: mirror.sale-dedic.com
 * elrepo: mirrors.colocall.net
 * elrepo-kernel: mirrors.colocall.net
 * extras: mirror.sale-dedic.com
 * updates: mirror.sale-dedic.com
base                                                                                                                                 | 3.6 kB  00:00:00     
elrepo                                                                                                                               | 2.9 kB  00:00:00     
elrepo-kernel                                                                                                                        | 2.9 kB  00:00:00     
extras                                                                                                                               | 2.9 kB  00:00:00     
updates                                                                                                                              | 2.9 kB  00:00:00     
(1/6): base/7/x86_64/group_gz                                                                                                        | 153 kB  00:00:00     
(2/6): updates/7/x86_64/primary_db                                                                                                   | 168 kB  00:00:00     
(3/6): extras/7/x86_64/primary_db                                                                                                    | 190 kB  00:00:00     
(4/6): elrepo/primary_db                                                                                                             | 480 kB  00:00:00     
(5/6): base/7/x86_64/primary_db                                                                                                      | 6.1 MB  00:00:00     
(6/6): elrepo-kernel/primary_db                                                                                                      | 1.9 MB  00:00:00     
Resolving Dependencies
--> Running transaction check
---> Package kernel-ml-devel.x86_64 0:5.6.11-1.el7.elrepo will be installed
--> Processing Dependency: perl for package: kernel-ml-devel-5.6.11-1.el7.elrepo.x86_64
--> Running transaction check
---> Package perl.x86_64 4:5.16.3-295.el7 will be installed
--> Processing Dependency: perl-libs = 4:5.16.3-295.el7 for package: 4:perl-5.16.3-295.el7.x86_64
--> Processing Dependency: perl(Socket) >= 1.3 for package: 4:perl-5.16.3-295.el7.x86_64
--> Processing Dependency: perl(Scalar::Util) >= 1.10 for package: 4:perl-5.16.3-295.el7.x86_64
--> Processing Dependency: perl-macros for package: 4:perl-5.16.3-295.el7.x86_64
--> Processing Dependency: perl-libs for package: 4:perl-5.16.3-295.el7.x86_64
--> Processing Dependency: perl(threads::shared) for package: 4:perl-5.16.3-295.el7.x86_64
--> Processing Dependency: perl(threads) for package: 4:perl-5.16.3-295.el7.x86_64
--> Processing Dependency: perl(constant) for package: 4:perl-5.16.3-295.el7.x86_64
--> Processing Dependency: perl(Time::Local) for package: 4:perl-5.16.3-295.el7.x86_64
--> Processing Dependency: perl(Time::HiRes) for package: 4:perl-5.16.3-295.el7.x86_64
--> Processing Dependency: perl(Storable) for package: 4:perl-5.16.3-295.el7.x86_64
--> Processing Dependency: perl(Socket) for package: 4:perl-5.16.3-295.el7.x86_64
--> Processing Dependency: perl(Scalar::Util) for package: 4:perl-5.16.3-295.el7.x86_64
--> Processing Dependency: perl(Pod::Simple::XHTML) for package: 4:perl-5.16.3-295.el7.x86_64
--> Processing Dependency: perl(Pod::Simple::Search) for package: 4:perl-5.16.3-295.el7.x86_64
--> Processing Dependency: perl(Getopt::Long) for package: 4:perl-5.16.3-295.el7.x86_64
--> Processing Dependency: perl(Filter::Util::Call) for package: 4:perl-5.16.3-295.el7.x86_64
--> Processing Dependency: perl(File::Temp) for package: 4:perl-5.16.3-295.el7.x86_64
--> Processing Dependency: perl(File::Spec::Unix) for package: 4:perl-5.16.3-295.el7.x86_64
--> Processing Dependency: perl(File::Spec::Functions) for package: 4:perl-5.16.3-295.el7.x86_64
--> Processing Dependency: perl(File::Spec) for package: 4:perl-5.16.3-295.el7.x86_64
--> Processing Dependency: perl(File::Path) for package: 4:perl-5.16.3-295.el7.x86_64
--> Processing Dependency: perl(Exporter) for package: 4:perl-5.16.3-295.el7.x86_64
--> Processing Dependency: perl(Cwd) for package: 4:perl-5.16.3-295.el7.x86_64
--> Processing Dependency: perl(Carp) for package: 4:perl-5.16.3-295.el7.x86_64
--> Processing Dependency: libperl.so()(64bit) for package: 4:perl-5.16.3-295.el7.x86_64
--> Running transaction check
---> Package perl-Carp.noarch 0:1.26-244.el7 will be installed
---> Package perl-Exporter.noarch 0:5.68-3.el7 will be installed
---> Package perl-File-Path.noarch 0:2.09-2.el7 will be installed
---> Package perl-File-Temp.noarch 0:0.23.01-3.el7 will be installed
---> Package perl-Filter.x86_64 0:1.49-3.el7 will be installed
---> Package perl-Getopt-Long.noarch 0:2.40-3.el7 will be installed
--> Processing Dependency: perl(Pod::Usage) >= 1.14 for package: perl-Getopt-Long-2.40-3.el7.noarch
--> Processing Dependency: perl(Text::ParseWords) for package: perl-Getopt-Long-2.40-3.el7.noarch
---> Package perl-PathTools.x86_64 0:3.40-5.el7 will be installed
---> Package perl-Pod-Simple.noarch 1:3.28-4.el7 will be installed
--> Processing Dependency: perl(Pod::Escapes) >= 1.04 for package: 1:perl-Pod-Simple-3.28-4.el7.noarch
--> Processing Dependency: perl(Encode) for package: 1:perl-Pod-Simple-3.28-4.el7.noarch
---> Package perl-Scalar-List-Utils.x86_64 0:1.27-248.el7 will be installed
---> Package perl-Socket.x86_64 0:2.010-5.el7 will be installed
---> Package perl-Storable.x86_64 0:2.45-3.el7 will be installed
---> Package perl-Time-HiRes.x86_64 4:1.9725-3.el7 will be installed
---> Package perl-Time-Local.noarch 0:1.2300-2.el7 will be installed
---> Package perl-constant.noarch 0:1.27-2.el7 will be installed
---> Package perl-libs.x86_64 4:5.16.3-295.el7 will be installed
---> Package perl-macros.x86_64 4:5.16.3-295.el7 will be installed
---> Package perl-threads.x86_64 0:1.87-4.el7 will be installed
---> Package perl-threads-shared.x86_64 0:1.43-6.el7 will be installed
--> Running transaction check
---> Package perl-Encode.x86_64 0:2.51-7.el7 will be installed
---> Package perl-Pod-Escapes.noarch 1:1.04-295.el7 will be installed
---> Package perl-Pod-Usage.noarch 0:1.63-3.el7 will be installed
--> Processing Dependency: perl(Pod::Text) >= 3.15 for package: perl-Pod-Usage-1.63-3.el7.noarch
--> Processing Dependency: perl-Pod-Perldoc for package: perl-Pod-Usage-1.63-3.el7.noarch
---> Package perl-Text-ParseWords.noarch 0:3.29-4.el7 will be installed
--> Running transaction check
---> Package perl-Pod-Perldoc.noarch 0:3.20-4.el7 will be installed
--> Processing Dependency: perl(parent) for package: perl-Pod-Perldoc-3.20-4.el7.noarch
--> Processing Dependency: perl(HTTP::Tiny) for package: perl-Pod-Perldoc-3.20-4.el7.noarch
---> Package perl-podlators.noarch 0:2.5.1-3.el7 will be installed
--> Running transaction check
---> Package perl-HTTP-Tiny.noarch 0:0.033-3.el7 will be installed
---> Package perl-parent.noarch 1:0.225-244.el7 will be installed
--> Finished Dependency Resolution

Dependencies Resolved

============================================================================================================================================================
 Package                                     Arch                        Version                                   Repository                          Size
============================================================================================================================================================
Installing:
 kernel-ml-devel                             x86_64                      5.6.11-1.el7.elrepo                       elrepo-kernel                       13 M
Installing for dependencies:
 perl                                        x86_64                      4:5.16.3-295.el7                          base                               8.0 M
 perl-Carp                                   noarch                      1.26-244.el7                              base                                19 k
 perl-Encode                                 x86_64                      2.51-7.el7                                base                               1.5 M
 perl-Exporter                               noarch                      5.68-3.el7                                base                                28 k
 perl-File-Path                              noarch                      2.09-2.el7                                base                                26 k
 perl-File-Temp                              noarch                      0.23.01-3.el7                             base                                56 k
 perl-Filter                                 x86_64                      1.49-3.el7                                base                                76 k
 perl-Getopt-Long                            noarch                      2.40-3.el7                                base                                56 k
 perl-HTTP-Tiny                              noarch                      0.033-3.el7                               base                                38 k
 perl-PathTools                              x86_64                      3.40-5.el7                                base                                82 k
 perl-Pod-Escapes                            noarch                      1:1.04-295.el7                            base                                51 k
 perl-Pod-Perldoc                            noarch                      3.20-4.el7                                base                                87 k
 perl-Pod-Simple                             noarch                      1:3.28-4.el7                              base                               216 k
 perl-Pod-Usage                              noarch                      1.63-3.el7                                base                                27 k
 perl-Scalar-List-Utils                      x86_64                      1.27-248.el7                              base                                36 k
 perl-Socket                                 x86_64                      2.010-5.el7                               base                                49 k
 perl-Storable                               x86_64                      2.45-3.el7                                base                                77 k
 perl-Text-ParseWords                        noarch                      3.29-4.el7                                base                                14 k
 perl-Time-HiRes                             x86_64                      4:1.9725-3.el7                            base                                45 k
 perl-Time-Local                             noarch                      1.2300-2.el7                              base                                24 k
 perl-constant                               noarch                      1.27-2.el7                                base                                19 k
 perl-libs                                   x86_64                      4:5.16.3-295.el7                          base                               689 k
 perl-macros                                 x86_64                      4:5.16.3-295.el7                          base                                44 k
 perl-parent                                 noarch                      1:0.225-244.el7                           base                                12 k
 perl-podlators                              noarch                      2.5.1-3.el7                               base                               112 k
 perl-threads                                x86_64                      1.87-4.el7                                base                                49 k
 perl-threads-shared                         x86_64                      1.43-6.el7                                base                                39 k

Transaction Summary
============================================================================================================================================================
Install  1 Package (+27 Dependent packages)

Total download size: 24 M
Installed size: 86 M
Is this ok [y/d/N]: y
Downloading packages:
warning: /var/cache/yum/x86_64/7/base/packages/perl-Carp-1.26-244.el7.noarch.rpm: Header V3 RSA/SHA256 Signature, key ID f4a80eb5: NOKEY
Public key for perl-Carp-1.26-244.el7.noarch.rpm is not installed
(1/28): perl-Carp-1.26-244.el7.noarch.rpm                                                                                            |  19 kB  00:00:00     
(2/28): perl-Encode-2.51-7.el7.x86_64.rpm                                                                                            | 1.5 MB  00:00:00     
(3/28): perl-Exporter-5.68-3.el7.noarch.rpm                                                                                          |  28 kB  00:00:00     
(4/28): perl-File-Path-2.09-2.el7.noarch.rpm                                                                                         |  26 kB  00:00:00     
(5/28): perl-File-Temp-0.23.01-3.el7.noarch.rpm                                                                                      |  56 kB  00:00:00     
(6/28): perl-Filter-1.49-3.el7.x86_64.rpm                                                                                            |  76 kB  00:00:00     
(7/28): perl-Getopt-Long-2.40-3.el7.noarch.rpm                                                                                       |  56 kB  00:00:00     
(8/28): perl-HTTP-Tiny-0.033-3.el7.noarch.rpm                                                                                        |  38 kB  00:00:00     
(9/28): perl-PathTools-3.40-5.el7.x86_64.rpm                                                                                         |  82 kB  00:00:00     
(10/28): perl-Pod-Escapes-1.04-295.el7.noarch.rpm                                                                                    |  51 kB  00:00:00     
(11/28): perl-Pod-Perldoc-3.20-4.el7.noarch.rpm                                                                                      |  87 kB  00:00:00     
(12/28): perl-Pod-Simple-3.28-4.el7.noarch.rpm                                                                                       | 216 kB  00:00:00     
(13/28): perl-Pod-Usage-1.63-3.el7.noarch.rpm                                                                                        |  27 kB  00:00:00     
(14/28): perl-Scalar-List-Utils-1.27-248.el7.x86_64.rpm                                                                              |  36 kB  00:00:00     
(15/28): perl-Socket-2.010-5.el7.x86_64.rpm                                                                                          |  49 kB  00:00:00     
(16/28): perl-5.16.3-295.el7.x86_64.rpm                                                                                              | 8.0 MB  00:00:01     
(17/28): perl-Storable-2.45-3.el7.x86_64.rpm                                                                                         |  77 kB  00:00:00     
(18/28): perl-Text-ParseWords-3.29-4.el7.noarch.rpm                                                                                  |  14 kB  00:00:00     
(19/28): perl-Time-Local-1.2300-2.el7.noarch.rpm                                                                                     |  24 kB  00:00:00     
(20/28): perl-Time-HiRes-1.9725-3.el7.x86_64.rpm                                                                                     |  45 kB  00:00:00     
(21/28): perl-constant-1.27-2.el7.noarch.rpm                                                                                         |  19 kB  00:00:00     
(22/28): perl-macros-5.16.3-295.el7.x86_64.rpm                                                                                       |  44 kB  00:00:00     
(23/28): perl-parent-0.225-244.el7.noarch.rpm                                                                                        |  12 kB  00:00:00     
(24/28): perl-podlators-2.5.1-3.el7.noarch.rpm                                                                                       | 112 kB  00:00:00     
(25/28): perl-threads-1.87-4.el7.x86_64.rpm                                                                                          |  49 kB  00:00:00     
(26/28): perl-threads-shared-1.43-6.el7.x86_64.rpm                                                                                   |  39 kB  00:00:00     
(27/28): kernel-ml-devel-5.6.11-1.el7.elrepo.x86_64.rpm                                                                              |  13 MB  00:00:03     
(28/28): perl-libs-5.16.3-295.el7.x86_64.rpm                                                                                         | 689 kB  00:00:01     
------------------------------------------------------------------------------------------------------------------------------------------------------------
Total                                                                                                                       7.9 MB/s |  24 MB  00:00:03     
Retrieving key from file:///etc/pki/rpm-gpg/RPM-GPG-KEY-CentOS-7
Importing GPG key 0xF4A80EB5:
 Userid     : "CentOS-7 Key (CentOS 7 Official Signing Key) <security@centos.org>"
 Fingerprint: 6341 ab27 53d7 8a78 a7c2 7bb1 24c6 a8a7 f4a8 0eb5
 Package    : centos-release-7-6.1810.2.el7.centos.x86_64 (@anaconda)
 From       : /etc/pki/rpm-gpg/RPM-GPG-KEY-CentOS-7
Is this ok [y/N]: y
Running transaction check
Running transaction test
Transaction test succeeded
Running transaction
  Installing : 1:perl-parent-0.225-244.el7.noarch                                                                                                      1/28 
  Installing : perl-HTTP-Tiny-0.033-3.el7.noarch                                                                                                       2/28 
  Installing : perl-podlators-2.5.1-3.el7.noarch                                                                                                       3/28 
  Installing : perl-Pod-Perldoc-3.20-4.el7.noarch                                                                                                      4/28 
  Installing : 1:perl-Pod-Escapes-1.04-295.el7.noarch                                                                                                  5/28 
  Installing : perl-Text-ParseWords-3.29-4.el7.noarch                                                                                                  6/28 
  Installing : perl-Encode-2.51-7.el7.x86_64                                                                                                           7/28 
  Installing : perl-Pod-Usage-1.63-3.el7.noarch                                                                                                        8/28 
  Installing : 4:perl-libs-5.16.3-295.el7.x86_64                                                                                                       9/28 
  Installing : 4:perl-macros-5.16.3-295.el7.x86_64                                                                                                    10/28 
  Installing : perl-Storable-2.45-3.el7.x86_64                                                                                                        11/28 
  Installing : perl-Exporter-5.68-3.el7.noarch                                                                                                        12/28 
  Installing : perl-constant-1.27-2.el7.noarch                                                                                                        13/28 
  Installing : perl-Socket-2.010-5.el7.x86_64                                                                                                         14/28 
  Installing : perl-Time-Local-1.2300-2.el7.noarch                                                                                                    15/28 
  Installing : perl-Carp-1.26-244.el7.noarch                                                                                                          16/28 
  Installing : 4:perl-Time-HiRes-1.9725-3.el7.x86_64                                                                                                  17/28 
  Installing : perl-PathTools-3.40-5.el7.x86_64                                                                                                       18/28 
  Installing : perl-Scalar-List-Utils-1.27-248.el7.x86_64                                                                                             19/28 
  Installing : perl-File-Temp-0.23.01-3.el7.noarch                                                                                                    20/28 
  Installing : perl-File-Path-2.09-2.el7.noarch                                                                                                       21/28 
  Installing : perl-threads-shared-1.43-6.el7.x86_64                                                                                                  22/28 
  Installing : perl-threads-1.87-4.el7.x86_64                                                                                                         23/28 
  Installing : perl-Filter-1.49-3.el7.x86_64                                                                                                          24/28 
  Installing : 1:perl-Pod-Simple-3.28-4.el7.noarch                                                                                                    25/28 
  Installing : perl-Getopt-Long-2.40-3.el7.noarch                                                                                                     26/28 
  Installing : 4:perl-5.16.3-295.el7.x86_64                                                                                                           27/28 
  Installing : kernel-ml-devel-5.6.11-1.el7.elrepo.x86_64                                                                                             28/28 
  Verifying  : perl-HTTP-Tiny-0.033-3.el7.noarch                                                                                                       1/28 
  Verifying  : perl-threads-shared-1.43-6.el7.x86_64                                                                                                   2/28 
  Verifying  : perl-Storable-2.45-3.el7.x86_64                                                                                                         3/28 
  Verifying  : 1:perl-Pod-Escapes-1.04-295.el7.noarch                                                                                                  4/28 
  Verifying  : perl-Exporter-5.68-3.el7.noarch                                                                                                         5/28 
  Verifying  : perl-constant-1.27-2.el7.noarch                                                                                                         6/28 
  Verifying  : perl-PathTools-3.40-5.el7.x86_64                                                                                                        7/28 
  Verifying  : perl-Socket-2.010-5.el7.x86_64                                                                                                          8/28 
  Verifying  : 1:perl-parent-0.225-244.el7.noarch                                                                                                      9/28 
  Verifying  : 4:perl-libs-5.16.3-295.el7.x86_64                                                                                                      10/28 
  Verifying  : perl-File-Temp-0.23.01-3.el7.noarch                                                                                                    11/28 
  Verifying  : 1:perl-Pod-Simple-3.28-4.el7.noarch                                                                                                    12/28 
  Verifying  : perl-Time-Local-1.2300-2.el7.noarch                                                                                                    13/28 
  Verifying  : 4:perl-macros-5.16.3-295.el7.x86_64                                                                                                    14/28 
  Verifying  : 4:perl-5.16.3-295.el7.x86_64                                                                                                           15/28 
  Verifying  : perl-Carp-1.26-244.el7.noarch                                                                                                          16/28 
  Verifying  : 4:perl-Time-HiRes-1.9725-3.el7.x86_64                                                                                                  17/28 
  Verifying  : perl-Scalar-List-Utils-1.27-248.el7.x86_64                                                                                             18/28 
  Verifying  : perl-Pod-Usage-1.63-3.el7.noarch                                                                                                       19/28 
  Verifying  : perl-Encode-2.51-7.el7.x86_64                                                                                                          20/28 
  Verifying  : perl-Pod-Perldoc-3.20-4.el7.noarch                                                                                                     21/28 
  Verifying  : perl-podlators-2.5.1-3.el7.noarch                                                                                                      22/28 
  Verifying  : perl-File-Path-2.09-2.el7.noarch                                                                                                       23/28 
  Verifying  : perl-threads-1.87-4.el7.x86_64                                                                                                         24/28 
  Verifying  : perl-Filter-1.49-3.el7.x86_64                                                                                                          25/28 
  Verifying  : perl-Getopt-Long-2.40-3.el7.noarch                                                                                                     26/28 
  Verifying  : perl-Text-ParseWords-3.29-4.el7.noarch                                                                                                 27/28 
  Verifying  : kernel-ml-devel-5.6.11-1.el7.elrepo.x86_64                                                                                             28/28 

Installed:
  kernel-ml-devel.x86_64 0:5.6.11-1.el7.elrepo                                                                                                              

Dependency Installed:
  perl.x86_64 4:5.16.3-295.el7                     perl-Carp.noarch 0:1.26-244.el7                   perl-Encode.x86_64 0:2.51-7.el7                        
  perl-Exporter.noarch 0:5.68-3.el7                perl-File-Path.noarch 0:2.09-2.el7                perl-File-Temp.noarch 0:0.23.01-3.el7                  
  perl-Filter.x86_64 0:1.49-3.el7                  perl-Getopt-Long.noarch 0:2.40-3.el7              perl-HTTP-Tiny.noarch 0:0.033-3.el7                    
  perl-PathTools.x86_64 0:3.40-5.el7               perl-Pod-Escapes.noarch 1:1.04-295.el7            perl-Pod-Perldoc.noarch 0:3.20-4.el7                   
  perl-Pod-Simple.noarch 1:3.28-4.el7              perl-Pod-Usage.noarch 0:1.63-3.el7                perl-Scalar-List-Utils.x86_64 0:1.27-248.el7           
  perl-Socket.x86_64 0:2.010-5.el7                 perl-Storable.x86_64 0:2.45-3.el7                 perl-Text-ParseWords.noarch 0:3.29-4.el7               
  perl-Time-HiRes.x86_64 4:1.9725-3.el7            perl-Time-Local.noarch 0:1.2300-2.el7             perl-constant.noarch 0:1.27-2.el7                      
  perl-libs.x86_64 4:5.16.3-295.el7                perl-macros.x86_64 4:5.16.3-295.el7               perl-parent.noarch 1:0.225-244.el7                     
  perl-podlators.noarch 0:2.5.1-3.el7              perl-threads.x86_64 0:1.87-4.el7                  perl-threads-shared.x86_64 0:1.43-6.el7                

Complete!
